<?xml version="1.0" encoding="UTF-8"?>
<testng-results ignored="0" total="1" passed="1" failed="0" skipped="0">
  <reporter-output>
  </reporter-output>
  <suite started-at="2023-12-06T21:05:18 PKT" name="Suite" finished-at="2023-12-06T21:07:54 PKT" duration-ms="155624">
    <groups>
    </groups>
    <test started-at="2023-12-06T21:05:18 PKT" name="Test" finished-at="2023-12-06T21:07:54 PKT" duration-ms="155624">
      <class name="TestProject.TestNGproject.Class1">
        <test-method signature="test1(java.lang.String,java.lang.String)[pri:0, instance:TestProject.TestNGproject.Class1@3e84448c]" started-at="2023-12-06T21:05:18 PKT" name="test1" finished-at="2023-12-06T21:07:54 PKT" duration-ms="155574" status="PASS">
          <params>
            <param index="0">
              <value>
                <![CDATA[testuser456]]>
              </value>
            </param>
            <param index="1">
              <value>
                <![CDATA[password123@]]>
              </value>
            </param>
          </params>
          <reporter-output>
          </reporter-output>
        </test-method> <!-- test1 -->
      </class> <!-- TestProject.TestNGproject.Class1 -->
    </test> <!-- Test -->
  </suite> <!-- Suite -->
</testng-results>
