<?xml version="1.0" encoding="UTF-8"?>
<!-- Generated by org.testng.reporters.JUnitXMLReporter -->
<testsuite ignored="0" hostname="DESKTOP-4H7LNER" failures="0" tests="4" name="Default test" time="0.079" errors="0" timestamp="2023-12-06T20:09:42 PKT">
  <testcase classname="TestProject.TestNGproject.Class1" name="test4" time="0.012"/>
  <testcase classname="TestProject.TestNGproject.Class1" name="test3" time="0.002"/>
  <testcase classname="TestProject.TestNGproject.Class1" name="test2" time="0.001"/>
  <testcase classname="TestProject.TestNGproject.Class1" name="test1" time="0.003"/>
</testsuite> <!-- Default test -->
